<?xml version="1.0" encoding="UTF-8" ?>
<testsuite failures="0" time="0" errors="0" skipped="0" tests="6" name="org.appfuse.util.DateUtilTest">
  <properties>
[...]
</properties>
  <testcase time="0" classname="org.appfuse.util.DateUtilTest" name="testGetDate"/>
  <testcase time="0" classname="org.appfuse.util.DateUtilTest" name="testGetToday"/>
  <testcase time="0" classname="org.appfuse.util.DateUtilTest" name="testGetInternationalDatePattern"/>
  <testcase time="0" classname="org.appfuse.util.DateUtilTest" name="testGetDateTime"/>
  <testcase time="0" classname="org.appfuse.util.DateUtilTest" name="testGetDateWithNull"/>
  <testcase time="0" classname="org.appfuse.util.DateUtilTest" name="testGetDateTimeWithNull"/>
</testsuite>